<?xml version="1.0" encoding="UTF-8"?>
<testsuite xmlns:xsi="http://www.w3.org/2001/XMLSchema-instance" xsi:noNamespaceSchemaLocation="https://maven.apache.org/surefire/maven-surefire-plugin/xsd/surefire-test-report-3.0.xsd" version="3.0" name="info.liuyyang.FoodAppDemo.FoodAppDemoApplicationTests" time="3.697" tests="1" errors="0" skipped="0" failures="0">
  <properties>
    <property name="java.specification.version" value="21"/>
    <property name="sun.jnu.encoding" value="UTF-8"/>
    <property name="java.class.path" value="/Users/zhaoxiaofeng/Documents/NEU/CS5004/GroupProject/OnKitchen/FoodAppDemo/target/test-classes:/Users/zhaoxiaofeng/Documents/NEU/CS5004/GroupProject/OnKitchen/FoodAppDemo/target/classes:/Users/zhaoxiaofeng/.m2/repository/org/springframework/boot/spring-boot-starter-data-mongodb/3.2.4/spring-boot-starter-data-mongodb-3.2.4.jar:/Users/zhaoxiaofeng/.m2/repository/org/springframework/boot/spring-boot-starter/3.2.4/spring-boot-starter-3.2.4.jar:/Users/zhaoxiaofeng/.m2/repository/org/springframework/boot/spring-boot-starter-logging/3.2.4/spring-boot-starter-logging-3.2.4.jar:/Users/zhaoxiaofeng/.m2/repository/ch/qos/logback/logback-classic/1.4.14/logback-classic-1.4.14.jar:/Users/zhaoxiaofeng/.m2/repository/ch/qos/logback/logback-core/1.4.14/logback-core-1.4.14.jar:/Users/zhaoxiaofeng/.m2/repository/org/apache/logging/log4j/log4j-to-slf4j/2.21.1/log4j-to-slf4j-2.21.1.jar:/Users/zhaoxiaofeng/.m2/repository/org/apache/logging/log4j/log4j-api/2.21.1/log4j-api-2.21.1.jar:/Users/zhaoxiaofeng/.m2/repository/org/slf4j/jul-to-slf4j/2.0.12/jul-to-slf4j-2.0.12.jar:/Users/zhaoxiaofeng/.m2/repository/jakarta/annotation/jakarta.annotation-api/2.1.1/jakarta.annotation-api-2.1.1.jar:/Users/zhaoxiaofeng/.m2/repository/org/yaml/snakeyaml/2.2/snakeyaml-2.2.jar:/Users/zhaoxiaofeng/.m2/repository/org/mongodb/mongodb-driver-sync/4.11.1/mongodb-driver-sync-4.11.1.jar:/Users/zhaoxiaofeng/.m2/repository/org/mongodb/bson/4.11.1/bson-4.11.1.jar:/Users/zhaoxiaofeng/.m2/repository/org/mongodb/mongodb-driver-core/4.11.1/mongodb-driver-core-4.11.1.jar:/Users/zhaoxiaofeng/.m2/repository/org/mongodb/bson-record-codec/4.11.1/bson-record-codec-4.11.1.jar:/Users/zhaoxiaofeng/.m2/repository/org/springframework/data/spring-data-mongodb/4.2.4/spring-data-mongodb-4.2.4.jar:/Users/zhaoxiaofeng/.m2/repository/org/springframework/spring-tx/6.1.5/spring-tx-6.1.5.jar:/Users/zhaoxiaofeng/.m2/repository/org/springframework/spring-context/6.1.5/spring-context-6.1.5.jar:/Users/zhaoxiaofeng/.m2/repository/org/springframework/spring-beans/6.1.5/spring-beans-6.1.5.jar:/Users/zhaoxiaofeng/.m2/repository/org/springframework/spring-expression/6.1.5/spring-expression-6.1.5.jar:/Users/zhaoxiaofeng/.m2/repository/org/springframework/data/spring-data-commons/3.2.4/spring-data-commons-3.2.4.jar:/Users/zhaoxiaofeng/.m2/repository/org/slf4j/slf4j-api/2.0.12/slf4j-api-2.0.12.jar:/Users/zhaoxiaofeng/.m2/repository/org/springframework/boot/spring-boot-starter-web/3.2.4/spring-boot-starter-web-3.2.4.jar:/Users/zhaoxiaofeng/.m2/repository/org/springframework/boot/spring-boot-starter-json/3.2.4/spring-boot-starter-json-3.2.4.jar:/Users/zhaoxiaofeng/.m2/repository/com/fasterxml/jackson/core/jackson-databind/2.15.4/jackson-databind-2.15.4.jar:/Users/zhaoxiaofeng/.m2/repository/com/fasterxml/jackson/core/jackson-annotations/2.15.4/jackson-annotations-2.15.4.jar:/Users/zhaoxiaofeng/.m2/repository/com/fasterxml/jackson/core/jackson-core/2.15.4/jackson-core-2.15.4.jar:/Users/zhaoxiaofeng/.m2/repository/com/fasterxml/jackson/datatype/jackson-datatype-jdk8/2.15.4/jackson-datatype-jdk8-2.15.4.jar:/Users/zhaoxiaofeng/.m2/repository/com/fasterxml/jackson/datatype/jackson-datatype-jsr310/2.15.4/jackson-datatype-jsr310-2.15.4.jar:/Users/zhaoxiaofeng/.m2/repository/com/fasterxml/jackson/module/jackson-module-parameter-names/2.15.4/jackson-module-parameter-names-2.15.4.jar:/Users/zhaoxiaofeng/.m2/repository/org/springframework/boot/spring-boot-starter-tomcat/3.2.4/spring-boot-starter-tomcat-3.2.4.jar:/Users/zhaoxiaofeng/.m2/repository/org/apache/tomcat/embed/tomcat-embed-core/10.1.19/tomcat-embed-core-10.1.19.jar:/Users/zhaoxiaofeng/.m2/repository/org/apache/tomcat/embed/tomcat-embed-el/10.1.19/tomcat-embed-el-10.1.19.jar:/Users/zhaoxiaofeng/.m2/repository/org/apache/tomcat/embed/tomcat-embed-websocket/10.1.19/tomcat-embed-websocket-10.1.19.jar:/Users/zhaoxiaofeng/.m2/repository/org/springframework/spring-web/6.1.5/spring-web-6.1.5.jar:/Users/zhaoxiaofeng/.m2/repository/io/micrometer/micrometer-observation/1.12.4/micrometer-observation-1.12.4.jar:/Users/zhaoxiaofeng/.m2/repository/io/micrometer/micrometer-commons/1.12.4/micrometer-commons-1.12.4.jar:/Users/zhaoxiaofeng/.m2/repository/org/springframework/spring-webmvc/6.1.5/spring-webmvc-6.1.5.jar:/Users/zhaoxiaofeng/.m2/repository/org/springframework/spring-aop/6.1.5/spring-aop-6.1.5.jar:/Users/zhaoxiaofeng/.m2/repository/org/springframework/boot/spring-boot-devtools/3.2.4/spring-boot-devtools-3.2.4.jar:/Users/zhaoxiaofeng/.m2/repository/org/springframework/boot/spring-boot/3.2.4/spring-boot-3.2.4.jar:/Users/zhaoxiaofeng/.m2/repository/org/springframework/boot/spring-boot-autoconfigure/3.2.4/spring-boot-autoconfigure-3.2.4.jar:/Users/zhaoxiaofeng/.m2/repository/org/projectlombok/lombok/1.18.30/lombok-1.18.30.jar:/Users/zhaoxiaofeng/.m2/repository/org/springframework/boot/spring-boot-starter-test/3.2.4/spring-boot-starter-test-3.2.4.jar:/Users/zhaoxiaofeng/.m2/repository/org/springframework/boot/spring-boot-test/3.2.4/spring-boot-test-3.2.4.jar:/Users/zhaoxiaofeng/.m2/repository/org/springframework/boot/spring-boot-test-autoconfigure/3.2.4/spring-boot-test-autoconfigure-3.2.4.jar:/Users/zhaoxiaofeng/.m2/repository/com/jayway/jsonpath/json-path/2.9.0/json-path-2.9.0.jar:/Users/zhaoxiaofeng/.m2/repository/jakarta/xml/bind/jakarta.xml.bind-api/4.0.2/jakarta.xml.bind-api-4.0.2.jar:/Users/zhaoxiaofeng/.m2/repository/jakarta/activation/jakarta.activation-api/2.1.3/jakarta.activation-api-2.1.3.jar:/Users/zhaoxiaofeng/.m2/repository/net/minidev/json-smart/2.5.0/json-smart-2.5.0.jar:/Users/zhaoxiaofeng/.m2/repository/net/minidev/accessors-smart/2.5.0/accessors-smart-2.5.0.jar:/Users/zhaoxiaofeng/.m2/repository/org/ow2/asm/asm/9.3/asm-9.3.jar:/Users/zhaoxiaofeng/.m2/repository/org/assertj/assertj-core/3.24.2/assertj-core-3.24.2.jar:/Users/zhaoxiaofeng/.m2/repository/net/bytebuddy/byte-buddy/1.14.12/byte-buddy-1.14.12.jar:/Users/zhaoxiaofeng/.m2/repository/org/awaitility/awaitility/4.2.0/awaitility-4.2.0.jar:/Users/zhaoxiaofeng/.m2/repository/org/hamcrest/hamcrest/2.2/hamcrest-2.2.jar:/Users/zhaoxiaofeng/.m2/repository/org/junit/jupiter/junit-jupiter/5.10.2/junit-jupiter-5.10.2.jar:/Users/zhaoxiaofeng/.m2/repository/org/junit/jupiter/junit-jupiter-api/5.10.2/junit-jupiter-api-5.10.2.jar:/Users/zhaoxiaofeng/.m2/repository/org/opentest4j/opentest4j/1.3.0/opentest4j-1.3.0.jar:/Users/zhaoxiaofeng/.m2/repository/org/junit/platform/junit-platform-commons/1.10.2/junit-platform-commons-1.10.2.jar:/Users/zhaoxiaofeng/.m2/repository/org/apiguardian/apiguardian-api/1.1.2/apiguardian-api-1.1.2.jar:/Users/zhaoxiaofeng/.m2/repository/org/junit/jupiter/junit-jupiter-params/5.10.2/junit-jupiter-params-5.10.2.jar:/Users/zhaoxiaofeng/.m2/repository/org/junit/jupiter/junit-jupiter-engine/5.10.2/junit-jupiter-engine-5.10.2.jar:/Users/zhaoxiaofeng/.m2/repository/org/junit/platform/junit-platform-engine/1.10.2/junit-platform-engine-1.10.2.jar:/Users/zhaoxiaofeng/.m2/repository/org/mockito/mockito-core/5.7.0/mockito-core-5.7.0.jar:/Users/zhaoxiaofeng/.m2/repository/net/bytebuddy/byte-buddy-agent/1.14.12/byte-buddy-agent-1.14.12.jar:/Users/zhaoxiaofeng/.m2/repository/org/objenesis/objenesis/3.3/objenesis-3.3.jar:/Users/zhaoxiaofeng/.m2/repository/org/mockito/mockito-junit-jupiter/5.7.0/mockito-junit-jupiter-5.7.0.jar:/Users/zhaoxiaofeng/.m2/repository/org/skyscreamer/jsonassert/1.5.1/jsonassert-1.5.1.jar:/Users/zhaoxiaofeng/.m2/repository/com/vaadin/external/google/android-json/0.0.20131108.vaadin1/android-json-0.0.20131108.vaadin1.jar:/Users/zhaoxiaofeng/.m2/repository/org/springframework/spring-core/6.1.5/spring-core-6.1.5.jar:/Users/zhaoxiaofeng/.m2/repository/org/springframework/spring-jcl/6.1.5/spring-jcl-6.1.5.jar:/Users/zhaoxiaofeng/.m2/repository/org/springframework/spring-test/6.1.5/spring-test-6.1.5.jar:/Users/zhaoxiaofeng/.m2/repository/org/xmlunit/xmlunit-core/2.9.1/xmlunit-core-2.9.1.jar:/Users/zhaoxiaofeng/.m2/repository/me/paulschwarz/spring-dotenv/4.0.0/spring-dotenv-4.0.0.jar:/Users/zhaoxiaofeng/.m2/repository/io/github/cdimascio/dotenv-java/3.0.0/dotenv-java-3.0.0.jar:"/>
    <property name="java.vm.vendor" value="Oracle Corporation"/>
    <property name="sun.arch.data.model" value="64"/>
    <property name="java.vendor.url" value="https://java.oracle.com/"/>
    <property name="user.timezone" value="America/Los_Angeles"/>
    <property name="os.name" value="Mac OS X"/>
    <property name="java.vm.specification.version" value="21"/>
    <property name="sun.java.launcher" value="SUN_STANDARD"/>
    <property name="user.country" value="CN"/>
    <property name="sun.boot.library.path" value="/Library/Java/JavaVirtualMachines/jdk-21.jdk/Contents/Home/lib"/>
    <property name="sun.java.command" value="/Users/zhaoxiaofeng/Documents/NEU/CS5004/GroupProject/OnKitchen/FoodAppDemo/target/surefire/surefirebooter-20240420041727747_3.jar /Users/zhaoxiaofeng/Documents/NEU/CS5004/GroupProject/OnKitchen/FoodAppDemo/target/surefire 2024-04-20T04-17-27_660-jvmRun1 surefire-20240420041727747_1tmp surefire_0-20240420041727747_2tmp"/>
    <property name="http.nonProxyHosts" value="local|*.local|169.254/16|*.169.254/16"/>
    <property name="jdk.debug" value="release"/>
    <property name="surefire.test.class.path" value="/Users/zhaoxiaofeng/Documents/NEU/CS5004/GroupProject/OnKitchen/FoodAppDemo/target/test-classes:/Users/zhaoxiaofeng/Documents/NEU/CS5004/GroupProject/OnKitchen/FoodAppDemo/target/classes:/Users/zhaoxiaofeng/.m2/repository/org/springframework/boot/spring-boot-starter-data-mongodb/3.2.4/spring-boot-starter-data-mongodb-3.2.4.jar:/Users/zhaoxiaofeng/.m2/repository/org/springframework/boot/spring-boot-starter/3.2.4/spring-boot-starter-3.2.4.jar:/Users/zhaoxiaofeng/.m2/repository/org/springframework/boot/spring-boot-starter-logging/3.2.4/spring-boot-starter-logging-3.2.4.jar:/Users/zhaoxiaofeng/.m2/repository/ch/qos/logback/logback-classic/1.4.14/logback-classic-1.4.14.jar:/Users/zhaoxiaofeng/.m2/repository/ch/qos/logback/logback-core/1.4.14/logback-core-1.4.14.jar:/Users/zhaoxiaofeng/.m2/repository/org/apache/logging/log4j/log4j-to-slf4j/2.21.1/log4j-to-slf4j-2.21.1.jar:/Users/zhaoxiaofeng/.m2/repository/org/apache/logging/log4j/log4j-api/2.21.1/log4j-api-2.21.1.jar:/Users/zhaoxiaofeng/.m2/repository/org/slf4j/jul-to-slf4j/2.0.12/jul-to-slf4j-2.0.12.jar:/Users/zhaoxiaofeng/.m2/repository/jakarta/annotation/jakarta.annotation-api/2.1.1/jakarta.annotation-api-2.1.1.jar:/Users/zhaoxiaofeng/.m2/repository/org/yaml/snakeyaml/2.2/snakeyaml-2.2.jar:/Users/zhaoxiaofeng/.m2/repository/org/mongodb/mongodb-driver-sync/4.11.1/mongodb-driver-sync-4.11.1.jar:/Users/zhaoxiaofeng/.m2/repository/org/mongodb/bson/4.11.1/bson-4.11.1.jar:/Users/zhaoxiaofeng/.m2/repository/org/mongodb/mongodb-driver-core/4.11.1/mongodb-driver-core-4.11.1.jar:/Users/zhaoxiaofeng/.m2/repository/org/mongodb/bson-record-codec/4.11.1/bson-record-codec-4.11.1.jar:/Users/zhaoxiaofeng/.m2/repository/org/springframework/data/spring-data-mongodb/4.2.4/spring-data-mongodb-4.2.4.jar:/Users/zhaoxiaofeng/.m2/repository/org/springframework/spring-tx/6.1.5/spring-tx-6.1.5.jar:/Users/zhaoxiaofeng/.m2/repository/org/springframework/spring-context/6.1.5/spring-context-6.1.5.jar:/Users/zhaoxiaofeng/.m2/repository/org/springframework/spring-beans/6.1.5/spring-beans-6.1.5.jar:/Users/zhaoxiaofeng/.m2/repository/org/springframework/spring-expression/6.1.5/spring-expression-6.1.5.jar:/Users/zhaoxiaofeng/.m2/repository/org/springframework/data/spring-data-commons/3.2.4/spring-data-commons-3.2.4.jar:/Users/zhaoxiaofeng/.m2/repository/org/slf4j/slf4j-api/2.0.12/slf4j-api-2.0.12.jar:/Users/zhaoxiaofeng/.m2/repository/org/springframework/boot/spring-boot-starter-web/3.2.4/spring-boot-starter-web-3.2.4.jar:/Users/zhaoxiaofeng/.m2/repository/org/springframework/boot/spring-boot-starter-json/3.2.4/spring-boot-starter-json-3.2.4.jar:/Users/zhaoxiaofeng/.m2/repository/com/fasterxml/jackson/core/jackson-databind/2.15.4/jackson-databind-2.15.4.jar:/Users/zhaoxiaofeng/.m2/repository/com/fasterxml/jackson/core/jackson-annotations/2.15.4/jackson-annotations-2.15.4.jar:/Users/zhaoxiaofeng/.m2/repository/com/fasterxml/jackson/core/jackson-core/2.15.4/jackson-core-2.15.4.jar:/Users/zhaoxiaofeng/.m2/repository/com/fasterxml/jackson/datatype/jackson-datatype-jdk8/2.15.4/jackson-datatype-jdk8-2.15.4.jar:/Users/zhaoxiaofeng/.m2/repository/com/fasterxml/jackson/datatype/jackson-datatype-jsr310/2.15.4/jackson-datatype-jsr310-2.15.4.jar:/Users/zhaoxiaofeng/.m2/repository/com/fasterxml/jackson/module/jackson-module-parameter-names/2.15.4/jackson-module-parameter-names-2.15.4.jar:/Users/zhaoxiaofeng/.m2/repository/org/springframework/boot/spring-boot-starter-tomcat/3.2.4/spring-boot-starter-tomcat-3.2.4.jar:/Users/zhaoxiaofeng/.m2/repository/org/apache/tomcat/embed/tomcat-embed-core/10.1.19/tomcat-embed-core-10.1.19.jar:/Users/zhaoxiaofeng/.m2/repository/org/apache/tomcat/embed/tomcat-embed-el/10.1.19/tomcat-embed-el-10.1.19.jar:/Users/zhaoxiaofeng/.m2/repository/org/apache/tomcat/embed/tomcat-embed-websocket/10.1.19/tomcat-embed-websocket-10.1.19.jar:/Users/zhaoxiaofeng/.m2/repository/org/springframework/spring-web/6.1.5/spring-web-6.1.5.jar:/Users/zhaoxiaofeng/.m2/repository/io/micrometer/micrometer-observation/1.12.4/micrometer-observation-1.12.4.jar:/Users/zhaoxiaofeng/.m2/repository/io/micrometer/micrometer-commons/1.12.4/micrometer-commons-1.12.4.jar:/Users/zhaoxiaofeng/.m2/repository/org/springframework/spring-webmvc/6.1.5/spring-webmvc-6.1.5.jar:/Users/zhaoxiaofeng/.m2/repository/org/springframework/spring-aop/6.1.5/spring-aop-6.1.5.jar:/Users/zhaoxiaofeng/.m2/repository/org/springframework/boot/spring-boot-devtools/3.2.4/spring-boot-devtools-3.2.4.jar:/Users/zhaoxiaofeng/.m2/repository/org/springframework/boot/spring-boot/3.2.4/spring-boot-3.2.4.jar:/Users/zhaoxiaofeng/.m2/repository/org/springframework/boot/spring-boot-autoconfigure/3.2.4/spring-boot-autoconfigure-3.2.4.jar:/Users/zhaoxiaofeng/.m2/repository/org/projectlombok/lombok/1.18.30/lombok-1.18.30.jar:/Users/zhaoxiaofeng/.m2/repository/org/springframework/boot/spring-boot-starter-test/3.2.4/spring-boot-starter-test-3.2.4.jar:/Users/zhaoxiaofeng/.m2/repository/org/springframework/boot/spring-boot-test/3.2.4/spring-boot-test-3.2.4.jar:/Users/zhaoxiaofeng/.m2/repository/org/springframework/boot/spring-boot-test-autoconfigure/3.2.4/spring-boot-test-autoconfigure-3.2.4.jar:/Users/zhaoxiaofeng/.m2/repository/com/jayway/jsonpath/json-path/2.9.0/json-path-2.9.0.jar:/Users/zhaoxiaofeng/.m2/repository/jakarta/xml/bind/jakarta.xml.bind-api/4.0.2/jakarta.xml.bind-api-4.0.2.jar:/Users/zhaoxiaofeng/.m2/repository/jakarta/activation/jakarta.activation-api/2.1.3/jakarta.activation-api-2.1.3.jar:/Users/zhaoxiaofeng/.m2/repository/net/minidev/json-smart/2.5.0/json-smart-2.5.0.jar:/Users/zhaoxiaofeng/.m2/repository/net/minidev/accessors-smart/2.5.0/accessors-smart-2.5.0.jar:/Users/zhaoxiaofeng/.m2/repository/org/ow2/asm/asm/9.3/asm-9.3.jar:/Users/zhaoxiaofeng/.m2/repository/org/assertj/assertj-core/3.24.2/assertj-core-3.24.2.jar:/Users/zhaoxiaofeng/.m2/repository/net/bytebuddy/byte-buddy/1.14.12/byte-buddy-1.14.12.jar:/Users/zhaoxiaofeng/.m2/repository/org/awaitility/awaitility/4.2.0/awaitility-4.2.0.jar:/Users/zhaoxiaofeng/.m2/repository/org/hamcrest/hamcrest/2.2/hamcrest-2.2.jar:/Users/zhaoxiaofeng/.m2/repository/org/junit/jupiter/junit-jupiter/5.10.2/junit-jupiter-5.10.2.jar:/Users/zhaoxiaofeng/.m2/repository/org/junit/jupiter/junit-jupiter-api/5.10.2/junit-jupiter-api-5.10.2.jar:/Users/zhaoxiaofeng/.m2/repository/org/opentest4j/opentest4j/1.3.0/opentest4j-1.3.0.jar:/Users/zhaoxiaofeng/.m2/repository/org/junit/platform/junit-platform-commons/1.10.2/junit-platform-commons-1.10.2.jar:/Users/zhaoxiaofeng/.m2/repository/org/apiguardian/apiguardian-api/1.1.2/apiguardian-api-1.1.2.jar:/Users/zhaoxiaofeng/.m2/repository/org/junit/jupiter/junit-jupiter-params/5.10.2/junit-jupiter-params-5.10.2.jar:/Users/zhaoxiaofeng/.m2/repository/org/junit/jupiter/junit-jupiter-engine/5.10.2/junit-jupiter-engine-5.10.2.jar:/Users/zhaoxiaofeng/.m2/repository/org/junit/platform/junit-platform-engine/1.10.2/junit-platform-engine-1.10.2.jar:/Users/zhaoxiaofeng/.m2/repository/org/mockito/mockito-core/5.7.0/mockito-core-5.7.0.jar:/Users/zhaoxiaofeng/.m2/repository/net/bytebuddy/byte-buddy-agent/1.14.12/byte-buddy-agent-1.14.12.jar:/Users/zhaoxiaofeng/.m2/repository/org/objenesis/objenesis/3.3/objenesis-3.3.jar:/Users/zhaoxiaofeng/.m2/repository/org/mockito/mockito-junit-jupiter/5.7.0/mockito-junit-jupiter-5.7.0.jar:/Users/zhaoxiaofeng/.m2/repository/org/skyscreamer/jsonassert/1.5.1/jsonassert-1.5.1.jar:/Users/zhaoxiaofeng/.m2/repository/com/vaadin/external/google/android-json/0.0.20131108.vaadin1/android-json-0.0.20131108.vaadin1.jar:/Users/zhaoxiaofeng/.m2/repository/org/springframework/spring-core/6.1.5/spring-core-6.1.5.jar:/Users/zhaoxiaofeng/.m2/repository/org/springframework/spring-jcl/6.1.5/spring-jcl-6.1.5.jar:/Users/zhaoxiaofeng/.m2/repository/org/springframework/spring-test/6.1.5/spring-test-6.1.5.jar:/Users/zhaoxiaofeng/.m2/repository/org/xmlunit/xmlunit-core/2.9.1/xmlunit-core-2.9.1.jar:/Users/zhaoxiaofeng/.m2/repository/me/paulschwarz/spring-dotenv/4.0.0/spring-dotenv-4.0.0.jar:/Users/zhaoxiaofeng/.m2/repository/io/github/cdimascio/dotenv-java/3.0.0/dotenv-java-3.0.0.jar:"/>
    <property name="sun.cpu.endian" value="little"/>
    <property name="user.home" value="/Users/zhaoxiaofeng"/>
    <property name="user.language" value="en"/>
    <property name="java.specification.vendor" value="Oracle Corporation"/>
    <property name="java.version.date" value="2023-10-17"/>
    <property name="java.home" value="/Library/Java/JavaVirtualMachines/jdk-21.jdk/Contents/Home"/>
    <property name="file.separator" value="/"/>
    <property name="basedir" value="/Users/zhaoxiaofeng/Documents/NEU/CS5004/GroupProject/OnKitchen/FoodAppDemo"/>
    <property name="java.vm.compressedOopsMode" value="Zero based"/>
    <property name="line.separator" value="&#10;"/>
    <property name="java.vm.specification.vendor" value="Oracle Corporation"/>
    <property name="java.specification.name" value="Java Platform API Specification"/>
    <property name="FILE_LOG_CHARSET" value="UTF-8"/>
    <property name="java.awt.headless" value="true"/>
    <property name="apple.awt.application.name" value="ForkedBooter"/>
    <property name="surefire.real.class.path" value="/Users/zhaoxiaofeng/Documents/NEU/CS5004/GroupProject/OnKitchen/FoodAppDemo/target/surefire/surefirebooter-20240420041727747_3.jar"/>
    <property name="sun.management.compiler" value="HotSpot 64-Bit Tiered Compilers"/>
    <property name="ftp.nonProxyHosts" value="local|*.local|169.254/16|*.169.254/16"/>
    <property name="java.runtime.version" value="21.0.1+12-LTS-29"/>
    <property name="user.name" value="zhaoxiaofeng"/>
    <property name="stdout.encoding" value="UTF-8"/>
    <property name="path.separator" value=":"/>
    <property name="os.version" value="14.2.1"/>
    <property name="java.runtime.name" value="Java(TM) SE Runtime Environment"/>
    <property name="file.encoding" value="UTF-8"/>
    <property name="java.vm.name" value="Java HotSpot(TM) 64-Bit Server VM"/>
    <property name="localRepository" value="/Users/zhaoxiaofeng/.m2/repository"/>
    <property name="java.vendor.url.bug" value="https://bugreport.java.com/bugreport/"/>
    <property name="java.io.tmpdir" value="/var/folders/cr/_q9pf4v91kb8vr73z9d9mbb80000gn/T/"/>
    <property name="idea.version" value="2023.3.2"/>
    <property name="java.version" value="21.0.1"/>
    <property name="user.dir" value="/Users/zhaoxiaofeng/Documents/NEU/CS5004/GroupProject/OnKitchen/FoodAppDemo"/>
    <property name="os.arch" value="aarch64"/>
    <property name="java.vm.specification.name" value="Java Virtual Machine Specification"/>
    <property name="PID" value="25799"/>
    <property name="CONSOLE_LOG_CHARSET" value="UTF-8"/>
    <property name="native.encoding" value="UTF-8"/>
    <property name="java.library.path" value="/Users/zhaoxiaofeng/Library/Java/Extensions:/Library/Java/Extensions:/Network/Library/Java/Extensions:/System/Library/Java/Extensions:/usr/lib/java:."/>
    <property name="java.vm.info" value="mixed mode, sharing"/>
    <property name="stderr.encoding" value="UTF-8"/>
    <property name="java.vendor" value="Oracle Corporation"/>
    <property name="java.vm.version" value="21.0.1+12-LTS-29"/>
    <property name="sun.io.unicode.encoding" value="UnicodeBig"/>
    <property name="socksNonProxyHosts" value="local|*.local|169.254/16|*.169.254/16"/>
    <property name="java.class.version" value="65.0"/>
    <property name="LOGGED_APPLICATION_NAME" value="[FoodAppDemo] "/>
  </properties>
  <testcase name="contextLoads" classname="info.liuyyang.FoodAppDemo.FoodAppDemoApplicationTests" time="1.209">
    <system-out><![CDATA[04:17:28.925 [main] INFO org.springframework.test.context.support.AnnotationConfigContextLoaderUtils -- Could not detect default configuration classes for test class [info.liuyyang.FoodAppDemo.FoodAppDemoApplicationTests]: FoodAppDemoApplicationTests does not declare any static, non-private, non-final, nested classes annotated with @Configuration.
04:17:29.072 [main] INFO org.springframework.boot.test.context.SpringBootTestContextBootstrapper -- Found @SpringBootConfiguration info.liuyyang.FoodAppDemo.FoodAppDemoApplication for test class info.liuyyang.FoodAppDemo.FoodAppDemoApplicationTests
04:17:29.225 [main] INFO org.springframework.boot.devtools.restart.RestartApplicationListener -- Restart disabled due to context in which it is running

  .   ____          _            __ _ _
 /\\ / ___'_ __ _ _(_)_ __  __ _ \ \ \ \
( ( )\___ | '_ | '_| | '_ \/ _` | \ \ \ \
 \\/  ___)| |_)| | | | | || (_| |  ) ) ) )
  '  |____| .__|_| |_|_| |_\__, | / / / /
 =========|_|==============|___/=/_/_/_/
 :: Spring Boot ::                (v3.2.4)

2024-04-20T04:17:29.473-07:00  INFO 25799 --- [FoodAppDemo] [           main] i.l.F.FoodAppDemoApplicationTests        : Starting FoodAppDemoApplicationTests using Java 21.0.1 with PID 25799 (started by zhaoxiaofeng in /Users/zhaoxiaofeng/Documents/NEU/CS5004/GroupProject/OnKitchen/FoodAppDemo)
2024-04-20T04:17:29.474-07:00  INFO 25799 --- [FoodAppDemo] [           main] i.l.F.FoodAppDemoApplicationTests        : No active profile set, falling back to 1 default profile: "default"
2024-04-20T04:17:29.989-07:00  INFO 25799 --- [FoodAppDemo] [           main] .s.d.r.c.RepositoryConfigurationDelegate : Bootstrapping Spring Data MongoDB repositories in DEFAULT mode.
2024-04-20T04:17:30.026-07:00  INFO 25799 --- [FoodAppDemo] [           main] .s.d.r.c.RepositoryConfigurationDelegate : Finished Spring Data repository scanning in 34 ms. Found 4 MongoDB repository interfaces.
2024-04-20T04:17:30.357-07:00  INFO 25799 --- [FoodAppDemo] [           main] org.mongodb.driver.client                : MongoClient with metadata {"driver": {"name": "mongo-java-driver|sync|spring-boot", "version": "4.11.1"}, "os": {"type": "Darwin", "name": "Mac OS X", "architecture": "aarch64", "version": "14.2.1"}, "platform": "Java/Oracle Corporation/21.0.1+12-LTS-29"} created with settings MongoClientSettings{readPreference=primary, writeConcern=WriteConcern{w=null, wTimeout=null ms, journal=null}, retryWrites=true, retryReads=true, readConcern=ReadConcern{level=null}, credential=MongoCredential{mechanism=null, userName='shanks', source='admin', password=<hidden>, mechanismProperties=<hidden>}, transportSettings=null, streamFactoryFactory=null, commandListeners=[], codecRegistry=ProvidersCodecRegistry{codecProviders=[ValueCodecProvider{}, BsonValueCodecProvider{}, DBRefCodecProvider{}, DBObjectCodecProvider{}, DocumentCodecProvider{}, CollectionCodecProvider{}, IterableCodecProvider{}, MapCodecProvider{}, GeoJsonCodecProvider{}, GridFSFileCodecProvider{}, Jsr310CodecProvider{}, JsonObjectCodecProvider{}, BsonCodecProvider{}, EnumCodecProvider{}, com.mongodb.client.model.mql.ExpressionCodecProvider@65fe2691, com.mongodb.Jep395RecordCodecProvider@479111ba, com.mongodb.KotlinCodecProvider@57ad1178]}, loggerSettings=LoggerSettings{maxDocumentLength=1000}, clusterSettings={hosts=[127.0.0.1:27017], srvHost=cluster0.lphdzmz.mongodb.net, srvServiceName=mongodb, mode=MULTIPLE, requiredClusterType=REPLICA_SET, requiredReplicaSetName='atlas-9aj3w0-shard-0', serverSelector='null', clusterListeners='[]', serverSelectionTimeout='30000 ms', localThreshold='15 ms'}, socketSettings=SocketSettings{connectTimeoutMS=10000, readTimeoutMS=0, receiveBufferSize=0, proxySettings=ProxySettings{host=null, port=null, username=null, password=null}}, heartbeatSocketSettings=SocketSettings{connectTimeoutMS=10000, readTimeoutMS=10000, receiveBufferSize=0, proxySettings=ProxySettings{host=null, port=null, username=null, password=null}}, connectionPoolSettings=ConnectionPoolSettings{maxSize=100, minSize=0, maxWaitTimeMS=120000, maxConnectionLifeTimeMS=0, maxConnectionIdleTimeMS=0, maintenanceInitialDelayMS=0, maintenanceFrequencyMS=60000, connectionPoolListeners=[], maxConnecting=2}, serverSettings=ServerSettings{heartbeatFrequencyMS=10000, minHeartbeatFrequencyMS=500, serverListeners='[]', serverMonitorListeners='[]'}, sslSettings=SslSettings{enabled=true, invalidHostNameAllowed=false, context=null}, applicationName='null', compressorList=[], uuidRepresentation=JAVA_LEGACY, serverApi=null, autoEncryptionSettings=null, dnsClient=null, inetAddressResolver=null, contextProvider=null}
2024-04-20T04:17:30.366-07:00  INFO 25799 --- [FoodAppDemo] [zmz.mongodb.net] org.mongodb.driver.cluster               : Adding discovered server ac-yihqoe0-shard-00-01.lphdzmz.mongodb.net:27017 to client view of cluster
2024-04-20T04:17:30.384-07:00  INFO 25799 --- [FoodAppDemo] [zmz.mongodb.net] org.mongodb.driver.cluster               : Adding discovered server ac-yihqoe0-shard-00-00.lphdzmz.mongodb.net:27017 to client view of cluster
2024-04-20T04:17:30.386-07:00  INFO 25799 --- [FoodAppDemo] [zmz.mongodb.net] org.mongodb.driver.cluster               : Adding discovered server ac-yihqoe0-shard-00-02.lphdzmz.mongodb.net:27017 to client view of cluster
2024-04-20T04:17:30.982-07:00  INFO 25799 --- [FoodAppDemo] [ngodb.net:27017] org.mongodb.driver.cluster               : Monitor thread successfully connected to server with description ServerDescription{address=ac-yihqoe0-shard-00-02.lphdzmz.mongodb.net:27017, type=REPLICA_SET_PRIMARY, state=CONNECTED, ok=true, minWireVersion=0, maxWireVersion=21, maxDocumentSize=16777216, logicalSessionTimeoutMinutes=30, roundTripTimeNanos=376465709, setName='atlas-9aj3w0-shard-0', canonicalAddress=ac-yihqoe0-shard-00-02.lphdzmz.mongodb.net:27017, hosts=[ac-yihqoe0-shard-00-02.lphdzmz.mongodb.net:27017, ac-yihqoe0-shard-00-00.lphdzmz.mongodb.net:27017, ac-yihqoe0-shard-00-01.lphdzmz.mongodb.net:27017], passives=[], arbiters=[], primary='ac-yihqoe0-shard-00-02.lphdzmz.mongodb.net:27017', tagSet=TagSet{[Tag{name='availabilityZone', value='us-central1-f'}, Tag{name='diskState', value='READY'}, Tag{name='nodeType', value='ELECTABLE'}, Tag{name='provider', value='GCP'}, Tag{name='region', value='CENTRAL_US'}, Tag{name='workloadType', value='OPERATIONAL'}]}, electionId=7fffffff000000000000030d, setVersion=76, topologyVersion=TopologyVersion{processId=6622b3a3bb634ccdece2c1af, counter=9}, lastWriteDate=Sat Apr 20 04:17:30 PDT 2024, lastUpdateTimeNanos=89148282664916}
2024-04-20T04:17:30.982-07:00  INFO 25799 --- [FoodAppDemo] [ngodb.net:27017] org.mongodb.driver.cluster               : Monitor thread successfully connected to server with description ServerDescription{address=ac-yihqoe0-shard-00-00.lphdzmz.mongodb.net:27017, type=REPLICA_SET_SECONDARY, state=CONNECTED, ok=true, minWireVersion=0, maxWireVersion=21, maxDocumentSize=16777216, logicalSessionTimeoutMinutes=30, roundTripTimeNanos=376469834, setName='atlas-9aj3w0-shard-0', canonicalAddress=ac-yihqoe0-shard-00-00.lphdzmz.mongodb.net:27017, hosts=[ac-yihqoe0-shard-00-02.lphdzmz.mongodb.net:27017, ac-yihqoe0-shard-00-00.lphdzmz.mongodb.net:27017, ac-yihqoe0-shard-00-01.lphdzmz.mongodb.net:27017], passives=[], arbiters=[], primary='ac-yihqoe0-shard-00-02.lphdzmz.mongodb.net:27017', tagSet=TagSet{[Tag{name='availabilityZone', value='us-central1-b'}, Tag{name='diskState', value='READY'}, Tag{name='nodeType', value='ELECTABLE'}, Tag{name='provider', value='GCP'}, Tag{name='region', value='CENTRAL_US'}, Tag{name='workloadType', value='OPERATIONAL'}]}, electionId=null, setVersion=76, topologyVersion=TopologyVersion{processId=6622b4c3ba76be272168a624, counter=5}, lastWriteDate=Sat Apr 20 04:17:30 PDT 2024, lastUpdateTimeNanos=89148282664916}
2024-04-20T04:17:30.982-07:00  INFO 25799 --- [FoodAppDemo] [ngodb.net:27017] org.mongodb.driver.cluster               : Monitor thread successfully connected to server with description ServerDescription{address=ac-yihqoe0-shard-00-01.lphdzmz.mongodb.net:27017, type=REPLICA_SET_SECONDARY, state=CONNECTED, ok=true, minWireVersion=0, maxWireVersion=21, maxDocumentSize=16777216, logicalSessionTimeoutMinutes=30, roundTripTimeNanos=376592792, setName='atlas-9aj3w0-shard-0', canonicalAddress=ac-yihqoe0-shard-00-01.lphdzmz.mongodb.net:27017, hosts=[ac-yihqoe0-shard-00-02.lphdzmz.mongodb.net:27017, ac-yihqoe0-shard-00-00.lphdzmz.mongodb.net:27017, ac-yihqoe0-shard-00-01.lphdzmz.mongodb.net:27017], passives=[], arbiters=[], primary='ac-yihqoe0-shard-00-02.lphdzmz.mongodb.net:27017', tagSet=TagSet{[Tag{name='availabilityZone', value='us-central1-c'}, Tag{name='diskState', value='READY'}, Tag{name='nodeType', value='ELECTABLE'}, Tag{name='provider', value='GCP'}, Tag{name='region', value='CENTRAL_US'}, Tag{name='workloadType', value='OPERATIONAL'}]}, electionId=null, setVersion=76, topologyVersion=TopologyVersion{processId=6622b621baf5594168b94e57, counter=5}, lastWriteDate=Sat Apr 20 04:17:30 PDT 2024, lastUpdateTimeNanos=89148282782041}
2024-04-20T04:17:30.984-07:00  INFO 25799 --- [FoodAppDemo] [ngodb.net:27017] org.mongodb.driver.cluster               : Discovered replica set primary ac-yihqoe0-shard-00-02.lphdzmz.mongodb.net:27017 with max election id 7fffffff000000000000030d and max set version 76
2024-04-20T04:17:31.157-07:00  INFO 25799 --- [FoodAppDemo] [           main] i.l.F.FoodAppDemoApplicationTests        : Started FoodAppDemoApplicationTests in 1.947 seconds (process running for 3.317)
]]></system-out>
    <system-err><![CDATA[WARNING: A Java agent has been loaded dynamically (/Users/zhaoxiaofeng/.m2/repository/net/bytebuddy/byte-buddy-agent/1.14.12/byte-buddy-agent-1.14.12.jar)
WARNING: If a serviceability tool is in use, please run with -XX:+EnableDynamicAgentLoading to hide this warning
WARNING: If a serviceability tool is not in use, please run with -Djdk.instrument.traceUsage for more information
WARNING: Dynamic loading of agents will be disallowed by default in a future release
]]></system-err>
  </testcase>
</testsuite>